AppGroup/PrizeVideo/PrizeVideo/proguard.cfg
-dontshrink
-dontpreverify
-dontoptimize
-optimizationpasses 5
-dontusemixedcaseclassnames
-dontskipnonpubliclibraryclasses
-verbose
-dontwarn com.google.android.maps.**
-dontwarn android.webkit.WebView
-dontwarn android.support.v4.**
-dontwarn com.umeng.**
-dontwarn u.aly.**
-dontwarn u.upd.**
-dontwarn u.fb.**
-dontwarn com.tencent.weibo.sdk.**
-dontwarn com.facebook.**
-dontwarn org.apache.**

-keepattributes Exceptions,InnerClasses,Signature
-keepattributes *Annotation*
-keep class * extends java.lang.annotation.Annotation { *; }
-keepattributes SourceFile,LineNumberTable

-keep enum com.facebook.**

-keep class org.apache.** { *; }
-keep class android.support.v4.** { *; }
-keep class com.umeng.** { *; }
-keep class com.prize.videoc.bean.** { *; }

-keep class com.facebook.**
-keep class com.umeng.scrshot.**
-keep class com.umeng.socialize.sensor.**

-keep public class * extends android.app.Activity
-keep public class * extends android.app.Application
-keep public class * extends android.app.Service
-keep public class * extends android.content.BroadcastReceiver
-keep public class * extends android.content.ContentProvider
-keep public class * extends android.app.backup.BackupAgentHelper
-keep public class * extends android.preference.Preference
-keep public class com.android.vending.licensing.ILicensingService

-keep public interface com.facebook.**
-keep public interface com.tencent.**
-keep public interface com.umeng.socialize.**
-keep public interface com.umeng.socialize.sensor.**
-keep public interface com.umeng.scrshot.**

-keep public class javax.**
-keep public class android.webkit.**
-keep public class com.tencent.** {*;}
-keep public class com.umeng.socialize.* {*;}

-keep class com.tencent.mm.sdk.modelmsg.WXMediaMessage {*;}

-keep class com.tencent.mm.sdk.modelmsg.** implements com.tencent.mm.sdk.modelmsg.WXMediaMessage$IMediaObject {*;}

-keep class im.yixin.sdk.api.YXMessage {*;}
-keep class im.yixin.sdk.api.** implements im.yixin.sdk.api.YXMessage$YXMessageData{*;}

-keepclasseswithmembernames class * {
    native <methods>;
}

-keepclasseswithmembers class * {
    public <init>(android.content.Context, android.util.AttributeSet);
}

-keepclasseswithmembers class * {
    public <init>(android.content.Context, android.util.AttributeSet, int);
}

-keepclassmembers class * extends android.app.Activity {
   public void *(android.view.View);
}

-keepclassmembers enum * {
    public static **[] values();
    public static ** valueOf(java.lang.String);
}

-keep class * implements android.os.Parcelable {
  	public static final android.os.Parcelable$Creator *;
}

-keepclassmembers class * {
   public <init>(org.json.JSONObject);
}

-keep public class com.prize.videoc.R$*{
    public static final int *;
}

-keepclassmembers enum * {
    public static **[] values();
    public static ** valueOf(java.lang.String);
}