AppGroup/PrizeVideo/PrizeVideo/proguard/seeds.txt
com.prize.videoc.LocalActivity
com.prize.videoc.LocalActivity: LocalActivity()
com.prize.videoc.LocalActivity: void editClk(android.view.View)
com.prize.videoc.LocalActivity: void cancelClk(android.view.View)
com.prize.videoc.R$attr
com.prize.videoc.R$color
com.prize.videoc.R$color: int grey
com.prize.videoc.R$dimen
com.prize.videoc.R$dimen: int activity_horizontal_margin
com.prize.videoc.R$dimen: int activity_vertical_margin
com.prize.videoc.R$drawable
com.prize.videoc.R$drawable: int cancel
com.prize.videoc.R$drawable: int cancel_press
com.prize.videoc.R$drawable: int cancel_slt
com.prize.videoc.R$drawable: int ic_launcher
com.prize.videoc.R$drawable: int icon_aqi
com.prize.videoc.R$drawable: int icon_loacal_video
com.prize.videoc.R$drawable: int icon_net_video
com.prize.videoc.R$drawable: int icon_play_record
com.prize.videoc.R$drawable: int icon_youku
com.prize.videoc.R$drawable: int local_bg
com.prize.videoc.R$drawable: int play_slt
com.prize.videoc.R$drawable: int play_small_slt
com.prize.videoc.R$drawable: int sel
com.prize.videoc.R$drawable: int sel_0
com.prize.videoc.R$drawable: int video_play
com.prize.videoc.R$drawable: int video_play_press
com.prize.videoc.R$drawable: int video_play_small
com.prize.videoc.R$drawable: int video_play_small_press
com.prize.videoc.R$drawable: int white
com.prize.videoc.R$id
com.prize.videoc.R$id: int action_settings
com.prize.videoc.R$id: int cancelDel_btn
com.prize.videoc.R$id: int clk_image
com.prize.videoc.R$id: int content_gw
com.prize.videoc.R$id: int edit_btn
com.prize.videoc.R$id: int emptyView
com.prize.videoc.R$id: int icon_aqi
com.prize.videoc.R$id: int net_videos
com.prize.videoc.R$id: int sel_image
com.prize.videoc.R$id: int sub_videos
com.prize.videoc.R$id: int thumbnail_image
com.prize.videoc.R$id: int video_title
com.prize.videoc.R$layout
com.prize.videoc.R$layout: int activity_local
com.prize.videoc.R$layout: int local_header
com.prize.videoc.R$layout: int video_item
com.prize.videoc.R$menu
com.prize.videoc.R$menu: int local
com.prize.videoc.R$string
com.prize.videoc.R$string: int action_settings
com.prize.videoc.R$string: int app_name
com.prize.videoc.R$string: int back
com.prize.videoc.R$string: int delete
com.prize.videoc.R$string: int edit
com.prize.videoc.R$string: int hello_world
com.prize.videoc.R$string: int lastplay
com.prize.videoc.R$string: int local_videos
com.prize.videoc.R$string: int net_videos
com.prize.videoc.R$string: int no_play
com.prize.videoc.R$string: int youku_videos
com.prize.videoc.R$style
com.prize.videoc.R$style: int AppBaseTheme
com.prize.videoc.R$style: int AppTheme
com.prize.videoc.application.VideoApp
com.prize.videoc.application.VideoApp: VideoApp()
...
com.lidroid.xutils.bitmap.callback.BitmapLoadFrom: com.lidroid.xutils.bitmap.callback.BitmapLoadFrom[] values()
com.lidroid.xutils.bitmap.callback.BitmapLoadFrom: com.lidroid.xutils.bitmap.callback.BitmapLoadFrom valueOf(java.lang.String)
com.lidroid.xutils.db.annotation.Check
com.lidroid.xutils.db.annotation.Check: java.lang.String value()
com.lidroid.xutils.db.annotation.Column
com.lidroid.xutils.db.annotation.Column: java.lang.String column()
com.lidroid.xutils.db.annotation.Column: java.lang.String defaultValue()
com.lidroid.xutils.db.annotation.Finder
com.lidroid.xutils.db.annotation.Finder: java.lang.String valueColumn()
com.lidroid.xutils.db.annotation.Finder: java.lang.String targetColumn()
com.lidroid.xutils.db.annotation.Foreign
com.lidroid.xutils.db.annotation.Foreign: java.lang.String column()
com.lidroid.xutils.db.annotation.Foreign: java.lang.String foreign()
com.lidroid.xutils.db.annotation.Id
com.lidroid.xutils.db.annotation.Id: java.lang.String column()
com.lidroid.xutils.db.annotation.NoAutoIncrement
com.lidroid.xutils.db.annotation.NotNull
com.lidroid.xutils.db.annotation.Table
com.lidroid.xutils.db.annotation.Table: java.lang.String name()
com.lidroid.xutils.db.annotation.Table: java.lang.String execAfterTableCreated()
com.lidroid.xutils.db.annotation.Transient
com.lidroid.xutils.db.annotation.Unique
com.lidroid.xutils.db.sqlite.ColumnDbType: com.lidroid.xutils.db.sqlite.ColumnDbType[] values()
com.lidroid.xutils.db.sqlite.ColumnDbType: com.lidroid.xutils.db.sqlite.ColumnDbType valueOf(java.lang.String)
com.lidroid.xutils.http.HttpHandler$State: com.lidroid.xutils.http.HttpHandler$State[] values()
com.lidroid.xutils.http.HttpHandler$State: com.lidroid.xutils.http.HttpHandler$State valueOf(java.lang.String)
com.lidroid.xutils.http.client.HttpRequest$HttpMethod: com.lidroid.xutils.http.client.HttpRequest$HttpMethod[] values()
com.lidroid.xutils.http.client.HttpRequest$HttpMethod: com.lidroid.xutils.http.client.HttpRequest$HttpMethod valueOf(java.lang.String)
com.lidroid.xutils.http.client.multipart.HttpMultipartMode: com.lidroid.xutils.http.client.multipart.HttpMultipartMode[] values()
com.lidroid.xutils.http.client.multipart.HttpMultipartMode: com.lidroid.xutils.http.client.multipart.HttpMultipartMode valueOf(java.lang.String)
com.lidroid.xutils.task.Priority: com.lidroid.xutils.task.Priority[] values()
com.lidroid.xutils.task.Priority: com.lidroid.xutils.task.Priority valueOf(java.lang.String)
com.lidroid.xutils.view.ResType: com.lidroid.xutils.view.ResType[] values()
com.lidroid.xutils.view.ResType: com.lidroid.xutils.view.ResType valueOf(java.lang.String)
com.lidroid.xutils.view.annotation.ContentView
com.lidroid.xutils.view.annotation.ContentView: int value()
com.lidroid.xutils.view.annotation.PreferenceInject
com.lidroid.xutils.view.annotation.PreferenceInject: java.lang.String value()
com.lidroid.xutils.view.annotation.ResInject
com.lidroid.xutils.view.annotation.ResInject: int id()
com.lidroid.xutils.view.annotation.ResInject: com.lidroid.xutils.view.ResType type()
com.lidroid.xutils.view.annotation.ViewInject
com.lidroid.xutils.view.annotation.ViewInject: int value()
com.lidroid.xutils.view.annotation.ViewInject: int parentId()
com.lidroid.xutils.view.annotation.event.EventBase
com.lidroid.xutils.view.annotation.event.EventBase: java.lang.Class listenerType()
com.lidroid.xutils.view.annotation.event.EventBase: java.lang.String listenerSetter()
com.lidroid.xutils.view.annotation.event.EventBase: java.lang.String methodName()
com.lidroid.xutils.view.annotation.event.OnChildClick
com.lidroid.xutils.view.annotation.event.OnChildClick: int[] value()
com.lidroid.xutils.view.annotation.event.OnChildClick: int[] parentId()
com.lidroid.xutils.view.annotation.event.OnClick
com.lidroid.xutils.view.annotation.event.OnClick: int[] value()
com.lidroid.xutils.view.annotation.event.OnClick: int[] parentId()