AppGroup/PrizeVideo/PrizeVideo/proguard/mapping.txt
com.prize.videoc.BuildConfig -> com.prize.videoc.a:
    boolean DEBUG -> a
com.prize.videoc.LocalActivity -> com.prize.videoc.LocalActivity:
    com.prize.videoc.presenter.BroadcastPresenter mBroadcastPresenter -> a
    com.prize.videoc.presenter.HistoryUpdateBroadcast mHistoryUpdateBroadcast -> b
    com.prize.videoc.LocalActivity instance -> c
    com.prize.videoc.widget.GridViewWith mContentGrid -> d
    android.widget.TextView mCancelBtn -> e
    android.widget.TextView mEditBtn -> f
    com.lidroid.xutils.DbUtils dbUtils -> g
    com.prize.videoc.LocalActivity$NAdapter mAdapter -> h
    android.view.View mHeaderView -> i
    com.lidroid.xutils.BitmapUtils mBitmapUtils -> j
    com.prize.videoc.to.JumpContext mJumpContext -> k
    boolean isReadyToDel -> l
    boolean hasRecord -> m
    boolean delRecordNeeded -> n
    java.util.Set toDelIdlist -> o
    63:63:com.prize.videoc.LocalActivity getInstance() -> a
    85:149:void onCreate(android.os.Bundle) -> onCreate
    152:157:void goToAqi() -> b
    160:165:void loadContent() -> d
    169:174:void editClk(android.view.View) -> editClk
    178:182:boolean isAppExist(java.lang.String) -> a
    185:203:void doDel() -> e
    206:220:void initDel() -> f
    224:233:void cancelClk(android.view.View) -> cancelClk
    237:241:void onBackPressed() -> onBackPressed
    244:264:void onNoRecord() -> g
    268:313:void onResume() -> onResume
    317:320:void onDestroy() -> onDestroy
    326:326:void onReceive(android.content.Intent) -> a
    330:332:void onChange() -> c
com.prize.videoc.LocalActivity$1 -> com.prize.videoc.b:
    com.prize.videoc.LocalActivity this$0 -> a
    116:121:void onItemClick(android.widget.AdapterView,android.view.View,int,long) -> onItemClick
com.prize.videoc.LocalActivity$2 -> com.prize.videoc.c:
    com.prize.videoc.LocalActivity this$0 -> a
    133:134:void onClick(android.view.View) -> onClick
com.prize.videoc.LocalActivity$3 -> com.prize.videoc.d:
    com.prize.videoc.LocalActivity this$0 -> a
    int val$id -> b
    284:286:void onClick(android.view.View) -> onClick
com.prize.videoc.LocalActivity$4 -> com.prize.videoc.e:
    com.prize.videoc.LocalActivity this$0 -> a
    294:301:void onClick(android.view.View) -> onClick
com.prize.videoc.LocalActivity$NAdapter -> com.prize.videoc.LocalActivity$a:
    java.util.List mDatas -> b
    com.prize.videoc.LocalActivity this$0 -> a
    338:340:void setDatas(java.util.List) -> a
    344:346:int getCount() -> getCount
    351:351:java.lang.Object getItem(int) -> getItem
    357:357:long getItemId(int) -> getItemId
    362:405:android.view.View getView(int,android.view.View,android.view.ViewGroup) -> getView
    337:337:void access$1(com.prize.videoc.LocalActivity$NAdapter,java.util.List) -> a
    334:334:com.prize.videoc.LocalActivity access$2(com.prize.videoc.LocalActivity$NAdapter) -> a
com.prize.videoc.LocalActivity$NAdapter$1 -> com.prize.videoc.f:
    com.prize.videoc.LocalActivity$NAdapter this$1 -> a
    int val$id -> b
    android.widget.ImageView val$selImage -> c
    387:394:void onClick(android.view.View) -> onClick
com.prize.videoc.LocalActivity$NAdapter$ViewHolder -> com.prize.videoc.LocalActivity$a$a:
    android.widget.TextView titleText -> a
    android.widget.ImageView thumbnailImage -> b
    android.widget.ImageView selImage -> c
    com.prize.videoc.LocalActivity$NAdapter this$1 -> d
com.prize.videoc.R -> com.prize.videoc.R:
com.prize.videoc.R$attr -> com.prize.videoc.R$attr:
com.prize.videoc.R$color -> com.prize.videoc.R$color:
    int grey -> grey
com.prize.videoc.R$dimen -> com.prize.videoc.R$dimen:
    int activity_horizontal_margin -> activity_horizontal_margin
    int activity_vertical_margin -> activity_vertical_margin
...
com.lidroid.xutils.db.converter.SqlDateColumnConverter -> com.lidroid.xutils.db.a.m:
    15:15:java.sql.Date getFieldValue(android.database.Cursor,int) -> a
    20:21:java.sql.Date getFieldValue(java.lang.String) -> a
    26:27:java.lang.Object fieldValue2ColumnValue(java.sql.Date) -> a
    32:32:com.lidroid.xutils.db.sqlite.ColumnDbType getColumnDbType() -> a
    1:1:java.lang.Object fieldValue2ColumnValue(java.lang.Object) -> a
    1:1:java.lang.Object getFieldValue(java.lang.String) -> b
    1:1:java.lang.Object getFieldValue(android.database.Cursor,int) -> b
com.lidroid.xutils.db.converter.StringColumnConverter -> com.lidroid.xutils.db.a.n:
    14:14:java.lang.String getFieldValue(android.database.Cursor,int) -> a
    19:19:java.lang.String getFieldValue(java.lang.String) -> a
    24:24:java.lang.Object fieldValue2ColumnValue(java.lang.String) -> c
    29:29:com.lidroid.xutils.db.sqlite.ColumnDbType getColumnDbType() -> a
    1:1:java.lang.Object fieldValue2ColumnValue(java.lang.Object) -> a
    1:1:java.lang.Object getFieldValue(java.lang.String) -> b
    1:1:java.lang.Object getFieldValue(android.database.Cursor,int) -> b
com.lidroid.xutils.db.sqlite.ColumnDbType -> com.lidroid.xutils.db.b.a:
    com.lidroid.xutils.db.sqlite.ColumnDbType INTEGER -> a
    com.lidroid.xutils.db.sqlite.ColumnDbType REAL -> b
    com.lidroid.xutils.db.sqlite.ColumnDbType TEXT -> c
    com.lidroid.xutils.db.sqlite.ColumnDbType BLOB -> d
    java.lang.String value -> e
    com.lidroid.xutils.db.sqlite.ColumnDbType[] ENUM$VALUES -> f
    18:18:java.lang.String toString() -> toString
    1:1:com.lidroid.xutils.db.sqlite.ColumnDbType[] values() -> values
    1:1:com.lidroid.xutils.db.sqlite.ColumnDbType valueOf(java.lang.String) -> valueOf
com.lidroid.xutils.db.sqlite.CursorUtils -> com.lidroid.xutils.db.b.b:
    29:67:java.lang.Object getEntity(com.lidroid.xutils.DbUtils,android.database.Cursor,java.lang.Class,long) -> a
    71:79:com.lidroid.xutils.db.table.DbModel getDbModel(android.database.Cursor) -> a
com.lidroid.xutils.db.sqlite.CursorUtils$EntityTempCache -> com.lidroid.xutils.db.b.b$a:
    java.util.concurrent.ConcurrentHashMap cache -> a
    long seq -> b
    108:109:void put(java.lang.Class,java.lang.Object,java.lang.Object) -> a
    113:113:java.lang.Object get(java.lang.Class,java.lang.Object) -> a
    117:121:void setSeq(long) -> a
com.lidroid.xutils.db.sqlite.CursorUtils$FindCacheSequence -> com.lidroid.xutils.db.b.b$b:
    long seq -> a
    java.lang.String FOREIGN_LAZY_LOADER_CLASS_NAME -> b
    java.lang.String FINDER_LAZY_LOADER_CLASS_NAME -> c
    91:95:long getSeq() -> a